#
# A fatal error has been detected by the Java Runtime Environment:
#
#  EXCEPTION_ACCESS_VIOLATION (0xc0000005) at pc=0x00007ffb580bdfa9, pid=13200, tid=0x000000000000068c
#
# JRE version: Java(TM) SE Runtime Environment (8.0_221-b11) (build 1.8.0_221-b11)
# Java VM: Java HotSpot(TM) 64-Bit Server VM (25.221-b11 mixed mode windows-amd64 compressed oops)
# Problematic frame:
# C  [lwjgl_nuklear.dll+0xdfa9]
#
# Failed to write core dump. Minidumps are not enabled by default on client versions of Windows
#
# If you would like to submit a bug report, please visit:
#   http://bugreport.java.com/bugreport/crash.jsp
# The crash happened outside the Java Virtual Machine in native code.
# See problematic frame for where to report the bug.
#

---------------  T H R E A D  ---------------

Current thread (0x0000000022982800):  JavaThread "GAME_LOOP_THREAD" [_thread_in_native, id=1676, stack(0x0000000022dc0000,0x0000000022ec0000)]

siginfo: ExceptionCode=0xc0000005, reading address 0x0000000000000008

Registers:
RAX=0x0000000000000000, RBX=0x0000000000000004, RCX=0x000000002d60f138, RDX=0x000000002d60f0d0
RSP=0x0000000022ebf080, RBP=0x0000000022ebf0f0, RSI=0x000000002349fa20, RDI=0x000000002d60f0d0
R8 =0x0000000000000004, R9 =0x0000000000000057, R10=0x00000000230920eb, R11=0x000000002d60f0d8
R12=0x0000000000000004, R13=0x00000000842dadf0, R14=0x00000000230920eb, R15=0x0000000000000000
RIP=0x00007ffb580bdfa9, EFLAGS=0x0000000000010246

Top of Stack: (sp=0x0000000022ebf080)
0x0000000022ebf080:   0000000000000004 000000002349fa20
0x0000000022ebf090:   00000000000007a0 0000000000000000
0x0000000022ebf0a0:   0000000000000000 00007ffb580d06d0
0x0000000022ebf0b0:   0000000022982800 0000000022982800
0x0000000022ebf0c0:   0000000000000000 0000000000000000
0x0000000022ebf0d0:   0000000000400000 0000000000000000
0x0000000022ebf0e0:   0000000000100000 0000000000000000
0x0000000022ebf0f0:   0000000022982800 0000000022ebf268
0x0000000022ebf100:   000000002d0b1d38 0000000000000000
0x0000000022ebf110:   00000000000007a0 00000000230920eb
0x0000000022ebf120:   0000000022ebf218 00007ffb580d0707
0x0000000022ebf130:   000000002d0b1d38 0000000022982800
0x0000000022ebf140:   00000000230920eb 0000000022ebf160
0x0000000022ebf150:   0000000000000057 0000000022982800
0x0000000022ebf160:   0000000000000000 437a000043660000
0x0000000022ebf170:   000000002296eea0 0000000002d68c67 

Instructions: (pc=0x00007ffb580bdfa9)
0x00007ffb580bdf89:   0f 29 74 24 60 f3 0f 58 c0 0f 29 7c 24 50 f3 0f
0x00007ffb580bdf99:   10 be f0 1d 00 00 f3 0f 58 ff 44 0f 29 44 24 40
0x00007ffb580bdfa9:   f3 0f 58 78 08 41 8b c1 c1 e8 0f f7 d0 f3 0f 58
0x00007ffb580bdfb9:   f8 a8 01 74 06 48 8d 47 4c eb 27 f3 0f 10 47 4c 


Register to memory mapping:

RAX=0x0000000000000000 is an unknown value
RBX=0x0000000000000004 is an unknown value
RCX=0x000000002d60f138 is an unknown value
RDX=0x000000002d60f0d0 is an unknown value
RSP=0x0000000022ebf080 is pointing into the stack for thread: 0x0000000022982800
RBP=0x0000000022ebf0f0 is pointing into the stack for thread: 0x0000000022982800
RSI=0x000000002349fa20 is an unknown value
RDI=0x000000002d60f0d0 is an unknown value
R8 =0x0000000000000004 is an unknown value
R9 =0x0000000000000057 is an unknown value
R10=0x00000000230920eb is an unknown value
R11=0x000000002d60f0d8 is an unknown value
R12=0x0000000000000004 is an unknown value
R13=0x00000000842dadf0 is an unknown value
R14=0x00000000230920eb is an unknown value
R15=0x0000000000000000 is an unknown value


Stack: [0x0000000022dc0000,0x0000000022ec0000],  sp=0x0000000022ebf080,  free space=1020k
Native frames: (J=compiled Java code, j=interpreted, Vv=VM code, C=native code)
C  [lwjgl_nuklear.dll+0xdfa9]
C  [lwjgl_nuklear.dll+0x20707]
C  0x0000000002d68c67

Java frames: (J=compiled Java code, j=interpreted, Vv=VM code)
j  org.lwjgl.nuklear.Nuklear.nnk_begin(JJJI)I+0
j  org.lwjgl.nuklear.Nuklear.nk_begin(Lorg/lwjgl/nuklear/NkContext;Ljava/lang/CharSequence;Lorg/lwjgl/nuklear/NkRect;I)Z+38
j  MDB.Enginev2.core.gui.TestElement.layout(Lorg/lwjgl/nuklear/NkContext;)V+40
j  MDB.Enginev2.core.gui.GUIManager.render()V+30
j  test.DummyGame.render()V+54
j  MDB.Enginev2.core.GameEngine.render()V+4
j  MDB.Enginev2.core.GameEngine.gameLoop()V+69
j  MDB.Enginev2.core.GameEngine.run()V+21
j  java.lang.Thread.run()V+11
v  ~StubRoutines::call_stub

---------------  P R O C E S S  ---------------

Java Threads: ( => current thread )
  0x0000000002bb2800 JavaThread "DestroyJavaVM" [_thread_blocked, id=12076, stack(0x00000000012c0000,0x00000000013c0000)]
=>0x0000000022982800 JavaThread "GAME_LOOP_THREAD" [_thread_in_native, id=1676, stack(0x0000000022dc0000,0x0000000022ec0000)]
  0x0000000020ebe800 JavaThread "Service Thread" daemon [_thread_blocked, id=9980, stack(0x0000000022bc0000,0x0000000022cc0000)]
  0x00000000226c8800 JavaThread "C1 CompilerThread2" daemon [_thread_blocked, id=7592, stack(0x0000000022ac0000,0x0000000022bc0000)]
  0x0000000020e69800 JavaThread "C2 CompilerThread1" daemon [_thread_blocked, id=4652, stack(0x00000000225c0000,0x00000000226c0000)]
  0x0000000020e61800 JavaThread "C2 CompilerThread0" daemon [_thread_blocked, id=12324, stack(0x00000000224c0000,0x00000000225c0000)]
  0x0000000020e5d800 JavaThread "Attach Listener" daemon [_thread_blocked, id=9628, stack(0x00000000223c0000,0x00000000224c0000)]
  0x0000000020e5c800 JavaThread "Signal Dispatcher" daemon [_thread_blocked, id=1044, stack(0x00000000222c0000,0x00000000223c0000)]
  0x0000000020e4a800 JavaThread "Finalizer" daemon [_thread_blocked, id=11932, stack(0x00000000220c0000,0x00000000221c0000)]
  0x0000000002ca3000 JavaThread "Reference Handler" daemon [_thread_blocked, id=5828, stack(0x0000000021fc0000,0x00000000220c0000)]

Other Threads:
  0x0000000020e27800 VMThread [stack: 0x0000000021ec0000,0x0000000021fc0000] [id=6636]
  0x00000000226e2800 WatcherThread [stack: 0x0000000022cc0000,0x0000000022dc0000] [id=11312]

VM state:not at safepoint (normal execution)

VM Mutex/Monitor currently owned by a thread: None

heap address: 0x0000000640a00000, size: 6134 MB, Compressed Oops mode: Zero based, Oop shift amount: 3
Narrow klass base: 0x0000000000000000, Narrow klass shift: 3
Compressed class space size: 1073741824 Address: 0x00000007c0000000

Heap:
 PSYoungGen      total 114688K, used 49372K [0x0000000740380000, 0x0000000748380000, 0x00000007c0000000)
  eden space 98304K, 50% used [0x0000000740380000,0x00000007433b72c0,0x0000000746380000)
  from space 16384K, 0% used [0x0000000747380000,0x0000000747380000,0x0000000748380000)
  to   space 16384K, 0% used [0x0000000746380000,0x0000000746380000,0x0000000747380000)
 ParOldGen       total 262144K, used 0K [0x0000000640a00000, 0x0000000650a00000, 0x0000000740380000)
  object space 262144K, 0% used [0x0000000640a00000,0x0000000640a00000,0x0000000650a00000)
 Metaspace       used 13270K, capacity 13515K, committed 13696K, reserved 1062912K
  class space    used 1032K, capacity 1134K, committed 1152K, reserved 1048576K

Card table byte_map: [0x0000000012110000,0x0000000012d10000] byte_map_base: 0x000000000ef0b000

Marking Bits: (ParMarkBitMap*) 0x0000000051e25ce0
 Begin Bits: [0x0000000013910000, 0x00000000198e8000)
 End Bits:   [0x00000000198e8000, 0x000000001f8c0000)

Polling page: 0x0000000001110000

CodeCache: size=245760Kb used=3706Kb max_used=3711Kb free=242053Kb
 bounds [0x0000000002d50000, 0x0000000003100000, 0x0000000011d50000]
 total_blobs=2067 nmethods=893 adapters=1087
 compilation: enabled

Compilation events (10 events):
Event: 2.298 Thread 0x00000000226c8800  886       3       java.util.HashMap::<init> (11 bytes)
Event: 2.299 Thread 0x00000000226c8800 nmethod 886 0x00000000030ef910 code [0x00000000030efa80, 0x00000000030efc90]
Event: 2.299 Thread 0x00000000226c8800  887       3       java.lang.invoke.MethodHandles$Lookup::lookupClassOrNull (17 bytes)
Event: 2.299 Thread 0x00000000226c8800 nmethod 887 0x00000000030ef410 code [0x00000000030ef560, 0x00000000030ef710]
Event: 2.300 Thread 0x00000000226c8800  891       3       jdk.internal.org.objectweb.asm.MethodVisitor::<init> (35 bytes)
Event: 2.300 Thread 0x00000000226c8800 nmethod 891 0x00000000030eed10 code [0x00000000030eee80, 0x00000000030ef188]
Event: 2.300 Thread 0x00000000226c8800  892       1       org.lwjgl.system.MemoryStack::getPointer (5 bytes)
Event: 2.300 Thread 0x00000000226c8800 nmethod 892 0x00000000030eea50 code [0x00000000030eeba0, 0x00000000030eecb0]
Event: 2.308 Thread 0x00000000226c8800  893       1       org.lwjgl.system.MemoryUtil::memAddress0 (11 bytes)
Event: 2.308 Thread 0x00000000226c8800 nmethod 893 0x00000000030ee790 code [0x00000000030ee8e0, 0x00000000030ee9d0]

GC Heap History (0 events):
No events

Deoptimization events (5 events):
Event: 2.105 Thread 0x0000000022982800 Uncommon trap: reason=class_check action=maybe_recompile pc=0x0000000003083438 method=org.lwjgl.system.StructBuffer.get()Lorg/lwjgl/system/Struct; @ 1
Event: 2.105 Thread 0x0000000022982800 Uncommon trap: reason=class_check action=maybe_recompile pc=0x0000000003083438 method=org.lwjgl.system.StructBuffer.get()Lorg/lwjgl/system/Struct; @ 1
Event: 2.105 Thread 0x0000000022982800 Uncommon trap: reason=class_check action=maybe_recompile pc=0x0000000003083438 method=org.lwjgl.system.StructBuffer.get()Lorg/lwjgl/system/Struct; @ 1
Event: 2.105 Thread 0x0000000022982800 Uncommon trap: reason=class_check action=maybe_recompile pc=0x0000000003083438 method=org.lwjgl.system.StructBuffer.get()Lorg/lwjgl/system/Struct; @ 1
Event: 2.268 Thread 0x0000000022982800 Uncommon trap: reason=unstable_if action=reinterpret pc=0x00000000030c0a48 method=MDB.Enginev2.core.gui.GUIManager.setupDefaultFont()V @ 190

Classes redefined (0 events):
No events

Internal exceptions (10 events):
Event: 1.239 Thread 0x0000000022982800 Exception <a 'sun/nio/fs/WindowsException'> (0x0000000740f4bcf0) thrown at [C:\re\workspace\8-2-build-windows-amd64-cygwin\jdk8u221\13320\hotspot\src\share\vm\prims\jni.cpp, line 710]
Event: 1.239 Thread 0x0000000022982800 Exception <a 'sun/nio/fs/WindowsException'> (0x0000000740f4c448) thrown at [C:\re\workspace\8-2-build-windows-amd64-cygwin\jdk8u221\13320\hotspot\src\share\vm\prims\jni.cpp, line 710]
Event: 1.248 Thread 0x0000000022982800 Exception <a 'sun/nio/fs/WindowsException'> (0x0000000740f55588) thrown at [C:\re\workspace\8-2-build-windows-amd64-cygwin\jdk8u221\13320\hotspot\src\share\vm\prims\jni.cpp, line 710]
Event: 1.248 Thread 0x0000000022982800 Exception <a 'sun/nio/fs/WindowsException'> (0x0000000740f55b90) thrown at [C:\re\workspace\8-2-build-windows-amd64-cygwin\jdk8u221\13320\hotspot\src\share\vm\prims\jni.cpp, line 710]
Event: 1.791 Thread 0x0000000022982800 Exception <a 'sun/nio/fs/WindowsException'> (0x0000000741b04ee8) thrown at [C:\re\workspace\8-2-build-windows-amd64-cygwin\jdk8u221\13320\hotspot\src\share\vm\prims\jni.cpp, line 710]
Event: 1.791 Thread 0x0000000022982800 Exception <a 'sun/nio/fs/WindowsException'> (0x0000000741b05600) thrown at [C:\re\workspace\8-2-build-windows-amd64-cygwin\jdk8u221\13320\hotspot\src\share\vm\prims\jni.cpp, line 710]
Event: 1.866 Thread 0x0000000022982800 Exception <a 'sun/nio/fs/WindowsException'> (0x0000000741b7ff40) thrown at [C:\re\workspace\8-2-build-windows-amd64-cygwin\jdk8u221\13320\hotspot\src\share\vm\prims\jni.cpp, line 710]
Event: 1.866 Thread 0x0000000022982800 Exception <a 'sun/nio/fs/WindowsException'> (0x0000000741b80658) thrown at [C:\re\workspace\8-2-build-windows-amd64-cygwin\jdk8u221\13320\hotspot\src\share\vm\prims\jni.cpp, line 710]
Event: 2.296 Thread 0x0000000022982800 Exception <a 'sun/nio/fs/WindowsException'> (0x00000007431c1ec8) thrown at [C:\re\workspace\8-2-build-windows-amd64-cygwin\jdk8u221\13320\hotspot\src\share\vm\prims\jni.cpp, line 710]
Event: 2.296 Thread 0x0000000022982800 Exception <a 'sun/nio/fs/WindowsException'> (0x00000007431c2630) thrown at [C:\re\workspace\8-2-build-windows-amd64-cygwin\jdk8u221\13320\hotspot\src\share\vm\prims\jni.cpp, line 710]

Events (10 events):
Event: 2.299 loading class org/lwjgl/nuklear/NkPluginPasteI
Event: 2.299 loading class org/lwjgl/nuklear/NkPluginPasteI done
Event: 2.299 loading class org/lwjgl/nuklear/NkPluginPasteI
Event: 2.299 loading class org/lwjgl/nuklear/NkPluginPasteI done
Event: 2.301 loading class org/lwjgl/nuklear/NkColorf
Event: 2.301 loading class org/lwjgl/nuklear/NkColorf done
Event: 2.302 loading class MDB/Enginev2/core/util/Clock
Event: 2.302 loading class MDB/Enginev2/core/util/Clock done
Event: 2.303 loading class org/lwjgl/glfw/EventLoop$OnScreen
Event: 2.303 loading class org/lwjgl/glfw/EventLoop$OnScreen done


Dynamic libraries:
0x00007ff7b95f0000 - 0x00007ff7b9627000 	C:\Program Files\Java\jre1.8.0_221\bin\javaw.exe
0x00007ffb74080000 - 0x00007ffb74270000 	C:\WINDOWS\SYSTEM32\ntdll.dll
0x00007ffb5aa80000 - 0x00007ffb5aa94000 	D:\Program Files\AVAST Software\Avast\aswhook.dll
0x00007ffb72150000 - 0x00007ffb72202000 	C:\WINDOWS\System32\KERNEL32.DLL
0x00007ffb71e60000 - 0x00007ffb72103000 	C:\WINDOWS\System32\KERNELBASE.dll
0x00007ffb72d70000 - 0x00007ffb72e13000 	C:\WINDOWS\System32\ADVAPI32.dll
0x00007ffb738b0000 - 0x00007ffb7394e000 	C:\WINDOWS\System32\msvcrt.dll
0x00007ffb72c00000 - 0x00007ffb72c97000 	C:\WINDOWS\System32\sechost.dll
0x00007ffb72210000 - 0x00007ffb72330000 	C:\WINDOWS\System32\RPCRT4.dll
0x00007ffb72920000 - 0x00007ffb72ab4000 	C:\WINDOWS\System32\USER32.dll
0x00007ffb71e30000 - 0x00007ffb71e51000 	C:\WINDOWS\System32\win32u.dll
0x00007ffb724a0000 - 0x00007ffb724c6000 	C:\WINDOWS\System32\GDI32.dll
0x00007ffb71ae0000 - 0x00007ffb71c74000 	C:\WINDOWS\System32\gdi32full.dll
0x00007ffb71d90000 - 0x00007ffb71e2e000 	C:\WINDOWS\System32\msvcp_win.dll
0x00007ffb710c0000 - 0x00007ffb711ba000 	C:\WINDOWS\System32\ucrtbase.dll
0x00007ffb64e70000 - 0x00007ffb650f5000 	C:\WINDOWS\WinSxS\amd64_microsoft.windows.common-controls_6595b64144ccf1df_6.0.18362.418_none_e6c6b287130d565d\COMCTL32.dll
0x00007ffb72e20000 - 0x00007ffb73156000 	C:\WINDOWS\System32\combase.dll
0x00007ffb71010000 - 0x00007ffb71090000 	C:\WINDOWS\System32\bcryptPrimitives.dll
0x00007ffb724d0000 - 0x00007ffb724fe000 	C:\WINDOWS\System32\IMM32.DLL
0x0000000051440000 - 0x0000000051512000 	C:\Program Files\Java\jre1.8.0_221\bin\msvcr100.dll
0x0000000051600000 - 0x0000000051ea5000 	C:\Program Files\Java\jre1.8.0_221\bin\server\jvm.dll
0x00007ffb728b0000 - 0x00007ffb728b8000 	C:\WINDOWS\System32\PSAPI.DLL
0x00007ffb65c40000 - 0x00007ffb65c49000 	C:\WINDOWS\SYSTEM32\WSOCK32.dll
0x00007ffb72ac0000 - 0x00007ffb72b2f000 	C:\WINDOWS\System32\WS2_32.dll
0x00007ffb6ef80000 - 0x00007ffb6efa4000 	C:\WINDOWS\SYSTEM32\WINMM.dll
0x00007ffb6b240000 - 0x00007ffb6b24a000 	C:\WINDOWS\SYSTEM32\VERSION.dll
0x00007ffb6ef50000 - 0x00007ffb6ef7d000 	C:\WINDOWS\SYSTEM32\WINMMBASE.dll
0x00007ffb711c0000 - 0x00007ffb7120a000 	C:\WINDOWS\System32\cfgmgr32.dll
0x00007ffb6f0e0000 - 0x00007ffb6f0ef000 	C:\Program Files\Java\jre1.8.0_221\bin\verify.dll
0x00007ffb60240000 - 0x00007ffb60269000 	C:\Program Files\Java\jre1.8.0_221\bin\java.dll
0x00007ffb6d840000 - 0x00007ffb6d856000 	C:\Program Files\Java\jre1.8.0_221\bin\zip.dll
0x00007ffb73950000 - 0x00007ffb74035000 	C:\WINDOWS\System32\SHELL32.dll
0x00007ffb723f0000 - 0x00007ffb72499000 	C:\WINDOWS\System32\shcore.dll
0x00007ffb71210000 - 0x00007ffb7198f000 	C:\WINDOWS\System32\windows.storage.dll
0x00007ffb70fb0000 - 0x00007ffb70fcf000 	C:\WINDOWS\System32\profapi.dll
0x00007ffb70f60000 - 0x00007ffb70faa000 	C:\WINDOWS\System32\powrprof.dll
0x00007ffb70f50000 - 0x00007ffb70f60000 	C:\WINDOWS\System32\UMPDC.dll
0x00007ffb72330000 - 0x00007ffb72382000 	C:\WINDOWS\System32\shlwapi.dll
0x00007ffb70ff0000 - 0x00007ffb71001000 	C:\WINDOWS\System32\kernel.appcore.dll
0x00007ffb72110000 - 0x00007ffb72127000 	C:\WINDOWS\System32\cryptsp.dll
0x00007ffb60220000 - 0x00007ffb6023a000 	C:\Program Files\Java\jre1.8.0_221\bin\net.dll
0x00007ffb69fb0000 - 0x00007ffb6a186000 	C:\WINDOWS\SYSTEM32\urlmon.dll
0x00007ffb69ba0000 - 0x00007ffb69e46000 	C:\WINDOWS\SYSTEM32\iertutil.dll
0x00007ffb70990000 - 0x00007ffb7099c000 	C:\WINDOWS\SYSTEM32\CRYPTBASE.DLL
0x00007ffb707c0000 - 0x00007ffb70827000 	C:\WINDOWS\system32\mswsock.dll
0x00007ffb60200000 - 0x00007ffb60212000 	C:\Program Files\Java\jre1.8.0_221\bin\nio.dll
0x00007ffb600f0000 - 0x00007ffb60154000 	C:\Users\Mantis\AppData\Local\Temp\lwjglMantis\3.2.3-build-13\lwjgl.dll
0x00007ffb60080000 - 0x00007ffb600e2000 	C:\Users\Mantis\AppData\Local\Temp\lwjglMantis\3.2.3-build-13\glfw.dll
0x00007ffb6f2d0000 - 0x00007ffb6f369000 	C:\WINDOWS\system32\uxtheme.dll
0x00007ffb60030000 - 0x00007ffb60073000 	C:\WINDOWS\SYSTEM32\dinput8.dll
0x00007ffb294c0000 - 0x00007ffb294d1000 	C:\WINDOWS\SYSTEM32\xinput1_4.dll
0x00007ffb70d50000 - 0x00007ffb70d7a000 	C:\WINDOWS\SYSTEM32\DEVOBJ.dll
0x00007ffb6f8c0000 - 0x00007ffb6f8ed000 	C:\WINDOWS\SYSTEM32\dwmapi.dll
0x00007ffb618c0000 - 0x00007ffb619da000 	C:\WINDOWS\SYSTEM32\inputhost.dll
0x00007ffb6eab0000 - 0x00007ffb6eb84000 	C:\WINDOWS\SYSTEM32\CoreMessaging.dll
0x00007ffb6cec0000 - 0x00007ffb6d1ea000 	C:\WINDOWS\SYSTEM32\CoreUIComponents.dll
0x00007ffb6d900000 - 0x00007ffb6d9ef000 	C:\WINDOWS\SYSTEM32\PROPSYS.dll
0x00007ffb72b30000 - 0x00007ffb72bf4000 	C:\WINDOWS\System32\OLEAUT32.dll
0x00007ffb6ccd0000 - 0x00007ffb6ce23000 	C:\WINDOWS\SYSTEM32\wintypes.dll
0x00007ffb6ffb0000 - 0x00007ffb6ffe1000 	C:\WINDOWS\SYSTEM32\ntmarta.dll
0x00007ffb72510000 - 0x00007ffb72646000 	C:\WINDOWS\System32\MSCTF.dll
0x00007ffb6fb60000 - 0x00007ffb6fb6e000 	C:\WINDOWS\SYSTEM32\HID.DLL
0x00007ffb73440000 - 0x00007ffb738b0000 	C:\WINDOWS\System32\SETUPAPI.DLL
0x00007ffb71090000 - 0x00007ffb710b6000 	C:\WINDOWS\System32\bcrypt.dll
0x00007ffb71d30000 - 0x00007ffb71d8c000 	C:\WINDOWS\System32\WINTRUST.dll
0x00007ffb70fd0000 - 0x00007ffb70fe2000 	C:\WINDOWS\System32\MSASN1.dll
0x00007ffb71990000 - 0x00007ffb71ad9000 	C:\WINDOWS\System32\CRYPT32.dll
0x00007ffb2fc40000 - 0x00007ffb2fd96000 	C:\WINDOWS\SYSTEM32\opengl32.dll
0x00007ffb2fb50000 - 0x00007ffb2fb7c000 	C:\WINDOWS\SYSTEM32\GLU32.dll
0x00007ffb6fbc0000 - 0x00007ffb6fbe0000 	C:\WINDOWS\SYSTEM32\dxcore.dll
0x00007ffb09580000 - 0x00007ffb0bc49000 	C:\WINDOWS\System32\DriverStore\FileRepository\nv_dispi.inf_amd64_67c16e22f0dab361\nvoglv64.dll
0x00007ffb72650000 - 0x00007ffb727a6000 	C:\WINDOWS\System32\ole32.dll
0x00007ffb6da50000 - 0x00007ffb6da63000 	C:\WINDOWS\SYSTEM32\WTSAPI32.dll
0x00007ffb436f0000 - 0x00007ffb439b1000 	C:\WINDOWS\system32\nvspcap64.dll
0x00007ffb70100000 - 0x00007ffb7015c000 	C:\WINDOWS\SYSTEM32\WINSTA.dll
0x00007ffb635b0000 - 0x00007ffb6364e000 	C:\WINDOWS\System32\TextInputFramework.dll
0x00007ffb5ffd0000 - 0x00007ffb60029000 	C:\Users\Mantis\AppData\Local\Temp\lwjglMantis\3.2.3-build-13\lwjgl_opengl.dll
0x00007ffb11da0000 - 0x00007ffb1245f000 	C:\Users\Mantis\AppData\Local\Temp\lwjglMantis\3.2.3-build-13\assimp.dll
0x00007ffb5ff50000 - 0x00007ffb5ffc7000 	C:\Users\Mantis\AppData\Local\Temp\lwjglMantis\3.2.3-build-13\lwjgl_stb.dll
0x00007ffb580b0000 - 0x00007ffb58106000 	C:\Users\Mantis\AppData\Local\Temp\lwjglMantis\3.2.3-build-13\lwjgl_nuklear.dll
0x00007ffb61340000 - 0x00007ffb61534000 	C:\WINDOWS\SYSTEM32\dbghelp.dll

VM Arguments:
jvm_args: -Dfile.encoding=UTF-8 
java_command: test.DummyGame
java_class_path (initial): D:\DIary\engine_core\target\classes;C:\Users\Mantis\.m2\repository\org\lwjgl\lwjgl\3.2.3\lwjgl-3.2.3.jar;C:\Users\Mantis\.m2\repository\org\lwjgl\lwjgl-assimp\3.2.3\lwjgl-assimp-3.2.3.jar;C:\Users\Mantis\.m2\repository\org\lwjgl\lwjgl-bgfx\3.2.3\lwjgl-bgfx-3.2.3.jar;C:\Users\Mantis\.m2\repository\org\lwjgl\lwjgl-glfw\3.2.3\lwjgl-glfw-3.2.3.jar;C:\Users\Mantis\.m2\repository\org\lwjgl\lwjgl-nanovg\3.2.3\lwjgl-nanovg-3.2.3.jar;C:\Users\Mantis\.m2\repository\org\lwjgl\lwjgl-nuklear\3.2.3\lwjgl-nuklear-3.2.3.jar;C:\Users\Mantis\.m2\repository\org\lwjgl\lwjgl-openal\3.2.3\lwjgl-openal-3.2.3.jar;C:\Users\Mantis\.m2\repository\org\lwjgl\lwjgl-opencl\3.2.3\lwjgl-opencl-3.2.3.jar;C:\Users\Mantis\.m2\repository\org\lwjgl\lwjgl-opengl\3.2.3\lwjgl-opengl-3.2.3.jar;C:\Users\Mantis\.m2\repository\org\lwjgl\lwjgl-par\3.2.3\lwjgl-par-3.2.3.jar;C:\Users\Mantis\.m2\repository\org\lwjgl\lwjgl-stb\3.2.3\lwjgl-stb-3.2.3.jar;C:\Users\Mantis\.m2\repository\org\lwjgl\lwjgl-vulkan\3.2.3\lwjgl-vulkan-3.2.3.jar;C:\Users\Mantis\.m2\repository\org\lwjgl\lwjgl\3.2.3\lwjgl-3.2.3-natives-windows.jar;C:\Users\Mantis\.m2\repository\org\lwjgl\lwjgl-assimp\3.2.3\lwjgl-assimp-3.2.3-natives-windows.jar;C:\Users\Mantis\.m2\repository\org\lwjgl\lwjgl-bgfx\3.2.3\lwjgl-bgfx-3.2.3-natives-windows.jar;C:\Users\Mantis\.m2\repository\org\lwjgl\lwjgl-glfw\3.2.3\lwjgl-glfw-3.2.3-natives-windows.jar;C:\Users\Mantis\.m2\repository\org\lwjgl\lwjgl-nanovg\3.2.3\lwjgl-nanovg-3.2.3-natives-windows.jar;C:\Users\Mantis\.m2\repository\org\lwjgl\lwjgl-nuklear\3.2.3\lwjgl-nuklear-3.2.3-natives-windows.jar;C:\Users\Mantis\.m2\repository\org\lwjgl\lwjgl-openal\3.2.3\lwjgl-openal-3.2.3-natives-windows.jar;C:\Users\Mantis\.m2\repository\org\lwjgl\lwjgl-opengl\3.2.3\lwjgl-opengl-3.2.3-natives-windows.jar;C:\Users\Mantis\.m2\repository\org\lwjgl\lwjgl-par\3.2.3\lwjgl-par-3.2.3-natives-windows.jar;C:\Users\Mantis\.m2\repository\org\lwjgl\lwjgl-stb\3.2.3\lwjgl-stb-3.2.3-natives-windows.jar;C:\Users\Mant
Launcher Type: SUN_STANDARD

Environment Variables:
PATH=C:/Program Files/Java/jre1.8.0_221/bin/server;C:/Program Files/Java/jre1.8.0_221/bin;C:/Program Files/Java/jre1.8.0_221/lib/amd64;C:\Program Files (x86)\Common Files\Oracle\Java\javapath;C:\Windows\system32;C:\Windows;C:\Windows\System32\Wbem;C:\Windows\System32\WindowsPowerShell\v1.0\;C:\Windows\System32\OpenSSH\;C:\Program Files\NVIDIA Corporation\NVIDIA NvDLISR;C:\Program Files (x86)\NVIDIA Corporation\PhysX\Common;%SystemRoot%\system32;%SystemRoot%;%SystemRoot%\System32\Wbem;%SYSTEMROOT%\System32\WindowsPowerShell\v1.0\;%SYSTEMROOT%\System32\OpenSSH\;C:\Users\Mantis\AppData\Local\Microsoft\WindowsApps;;C:\Users\Mantis\AppData\Local\Programs\Microsoft VS Code\bin;C:\Users\Mantis\Desktop;
USERNAME=Mantis
OS=Windows_NT
PROCESSOR_IDENTIFIER=Intel64 Family 6 Model 58 Stepping 9, GenuineIntel



---------------  S Y S T E M  ---------------

OS: Windows 10.0 , 64 bit Build 18362 (10.0.18362.329)

CPU:total 4 (initial active 4) (4 cores per cpu, 1 threads per core) family 6 model 58 stepping 9, cmov, cx8, fxsr, mmx, sse, sse2, sse3, ssse3, sse4.1, sse4.2, popcnt, avx, aes, clmul, erms, tsc, tscinvbit, tscinv

Memory: 4k page, physical 25123776k(18644872k free), swap 28793792k(19666124k free)

vm_info: Java HotSpot(TM) 64-Bit Server VM (25.221-b11) for windows-amd64 JRE (1.8.0_221-b11), built on Jul  4 2019 04:39:29 by "java_re" with MS VC++ 10.0 (VS2010)

time: Sat Oct 26 14:12:29 2019
timezone: W. Europe Daylight Time
elapsed time: 2 seconds (0d 0h 0m 2s)

