#
# A fatal error has been detected by the Java Runtime Environment:
#
#  EXCEPTION_ACCESS_VIOLATION (0xc0000005) at pc=0x00007ffb42c87744, pid=13928, tid=0x00000000000024ac
#
# JRE version: Java(TM) SE Runtime Environment (8.0_221-b11) (build 1.8.0_221-b11)
# Java VM: Java HotSpot(TM) 64-Bit Server VM (25.221-b11 mixed mode windows-amd64 compressed oops)
# Problematic frame:
# C  [lwjgl_nuklear.dll+0x7744]
#
# Failed to write core dump. Minidumps are not enabled by default on client versions of Windows
#
# If you would like to submit a bug report, please visit:
#   http://bugreport.java.com/bugreport/crash.jsp
# The crash happened outside the Java Virtual Machine in native code.
# See problematic frame for where to report the bug.
#

---------------  T H R E A D  ---------------

Current thread (0x0000000022964800):  JavaThread "GAME_LOOP_THREAD" [_thread_in_native, id=9388, stack(0x0000000022cd0000,0x0000000022dd0000)]

siginfo: ExceptionCode=0xc0000005, reading address 0xffffffd800000040

Registers:
RAX=0x0000000000000002, RBX=0x00000000230bbb08, RCX=0x0000000000000000, RDX=0xffffffd800000028
RSP=0x0000000022dcee30, RBP=0x0000000022dcf030, RSI=0x00000000230bbb08, RDI=0x0000000000000000
R8 =0x0000000000000000, R9 =0x0000000000000000, R10=0x00000000230c3450, R11=0x0000000000000000
R12=0x00000000230c3450, R13=0x0000000022f7be70, R14=0x0000000022f7bdf8, R15=0x00000000230b90d0
RIP=0x00007ffb42c87744, EFLAGS=0x0000000000010286

Top of Stack: (sp=0x0000000022dcee30)
0x0000000022dcee30:   0000000051be7710 0000000000000000
0x0000000022dcee40:   0000000000000000 0000000000000000
0x0000000022dcee50:   c6000000c6000000 4680000046800000
0x0000000022dcee60:   0000000000000000 0000000000000000
0x0000000022dcee70:   00000000230bbb08 00007ffb42c87c8c
0x0000000022dcee80:   00000000255d9e20 0000000002cc16a0
0x0000000022dcee90:   0000000000000000 0000000002cc16ce
0x0000000022dceea0:   0000000002cc1aa0 0000000000000000
0x0000000022dceeb0:   425c0000435c0000 41a0000041a00000
0x0000000022dceec0:   0000000000000000 0000000000000000
0x0000000022dceed0:   0000000000000000 0000000000000000
0x0000000022dceee0:   0000000000100000 0000000000000000
0x0000000022dceef0:   0000000000000000 0000000000000000
0x0000000022dcef00:   000000003f000000 0000000000000000
0x0000000022dcef10:   0000000000100000 0000000000000000
0x0000000022dcef20:   00000000ffff3333 00007ffb42c88f56 

Instructions: (pc=0x00007ffb42c87744)
0x00007ffb42c87724:   ff c8 48 8d 04 80 48 c1 e0 03 48 2b d0 48 2b 93
0x00007ffb42c87734:   d8 00 00 00 49 03 d0 74 1f 48 8b 83 88 00 00 00
0x00007ffb42c87744:   48 39 42 18 74 12 48 8b d0 48 8b cb e8 7b d9 ff
0x00007ffb42c87754:   ff 4c 8b 93 b0 00 00 00 33 d2 49 8b ca 44 8d 4a 


Register to memory mapping:

RAX=0x0000000000000002 is an unknown value
RBX=0x00000000230bbb08 is an unknown value
RCX=0x0000000000000000 is an unknown value
RDX=0xffffffd800000028 is an unknown value
RSP=0x0000000022dcee30 is pointing into the stack for thread: 0x0000000022964800
RBP=0x0000000022dcf030 is pointing into the stack for thread: 0x0000000022964800
RSI=0x00000000230bbb08 is an unknown value
RDI=0x0000000000000000 is an unknown value
R8 =0x0000000000000000 is an unknown value
R9 =0x0000000000000000 is an unknown value
R10=0x00000000230c3450 is an unknown value
R11=0x0000000000000000 is an unknown value
R12=0x00000000230c3450 is an unknown value
R13=0x0000000022f7be70 is an unknown value
R14=0x0000000022f7bdf8 is an unknown value
R15=0x00000000230b90d0 is an unknown value


Stack: [0x0000000022cd0000,0x0000000022dd0000],  sp=0x0000000022dcee30,  free space=1019k
Native frames: (J=compiled Java code, j=interpreted, Vv=VM code, C=native code)
C  [lwjgl_nuklear.dll+0x7744]
C  [lwjgl_nuklear.dll+0x7c8c]
C  [lwjgl_nuklear.dll+0x8f56]
C  0x0000000002c78c67

Java frames: (J=compiled Java code, j=interpreted, Vv=VM code)
j  org.lwjgl.nuklear.Nuklear.nnk_convert(JJJJJ)I+0
j  org.lwjgl.nuklear.Nuklear.nk_convert(Lorg/lwjgl/nuklear/NkContext;Lorg/lwjgl/nuklear/NkBuffer;Lorg/lwjgl/nuklear/NkBuffer;Lorg/lwjgl/nuklear/NkBuffer;Lorg/lwjgl/nuklear/NkConvertConfig;)I+35
j  de.mdb.engine.core.gui.GUIRenderer.drawToScreen(III)V+201
j  de.mdb.engine.core.gui.GUIRenderer.render()V+214
j  de.mdb.engine.core.gui.GUIManager.render()V+21
j  de.mdb.engine.core.GameEngine.render()V+42
j  de.mdb.engine.core.GameEngine.gameLoop()V+74
j  de.mdb.engine.core.GameEngine.run()V+20
j  java.lang.Thread.run()V+11
v  ~StubRoutines::call_stub

---------------  P R O C E S S  ---------------

Java Threads: ( => current thread )
  0x0000000002b52800 JavaThread "DestroyJavaVM" [_thread_blocked, id=14104, stack(0x0000000002a40000,0x0000000002b40000)]
=>0x0000000022964800 JavaThread "GAME_LOOP_THREAD" [_thread_in_native, id=9388, stack(0x0000000022cd0000,0x0000000022dd0000)]
  0x000000002270a000 JavaThread "Service Thread" daemon [_thread_blocked, id=3452, stack(0x0000000022ad0000,0x0000000022bd0000)]
  0x0000000020db8800 JavaThread "C1 CompilerThread2" daemon [_thread_blocked, id=1076, stack(0x00000000225d0000,0x00000000226d0000)]
  0x0000000020d81000 JavaThread "C2 CompilerThread1" daemon [_thread_blocked, id=13636, stack(0x00000000224d0000,0x00000000225d0000)]
  0x0000000020d70800 JavaThread "C2 CompilerThread0" daemon [_thread_blocked, id=4856, stack(0x00000000223d0000,0x00000000224d0000)]
  0x0000000020d6c800 JavaThread "Attach Listener" daemon [_thread_blocked, id=5804, stack(0x00000000222d0000,0x00000000223d0000)]
  0x0000000020d6b800 JavaThread "Signal Dispatcher" daemon [_thread_blocked, id=11528, stack(0x00000000221d0000,0x00000000222d0000)]
  0x0000000002c4c000 JavaThread "Finalizer" daemon [_thread_blocked, id=13472, stack(0x0000000021fc0000,0x00000000220c0000)]
  0x0000000002c41000 JavaThread "Reference Handler" daemon [_thread_blocked, id=10852, stack(0x0000000021ec0000,0x0000000021fc0000)]

Other Threads:
  0x0000000020d38000 VMThread [stack: 0x0000000021dc0000,0x0000000021ec0000] [id=5036]
  0x0000000022714800 WatcherThread [stack: 0x0000000022bd0000,0x0000000022cd0000] [id=9244]

VM state:not at safepoint (normal execution)

VM Mutex/Monitor currently owned by a thread: None

heap address: 0x0000000640a00000, size: 6134 MB, Compressed Oops mode: Zero based, Oop shift amount: 3
Narrow klass base: 0x0000000000000000, Narrow klass shift: 3
Compressed class space size: 1073741824 Address: 0x00000007c0000000

Heap:
 PSYoungGen      total 114688K, used 47923K [0x0000000740380000, 0x0000000748380000, 0x00000007c0000000)
  eden space 98304K, 48% used [0x0000000740380000,0x000000074324cef0,0x0000000746380000)
  from space 16384K, 0% used [0x0000000747380000,0x0000000747380000,0x0000000748380000)
  to   space 16384K, 0% used [0x0000000746380000,0x0000000746380000,0x0000000747380000)
 ParOldGen       total 262144K, used 0K [0x0000000640a00000, 0x0000000650a00000, 0x0000000740380000)
  object space 262144K, 0% used [0x0000000640a00000,0x0000000640a00000,0x0000000650a00000)
 Metaspace       used 13310K, capacity 13583K, committed 13696K, reserved 1062912K
  class space    used 1037K, capacity 1138K, committed 1152K, reserved 1048576K

Card table byte_map: [0x0000000012020000,0x0000000012c20000] byte_map_base: 0x000000000ee1b000

Marking Bits: (ParMarkBitMap*) 0x0000000051e25ce0
 Begin Bits: [0x0000000013820000, 0x00000000197f8000)
 End Bits:   [0x00000000197f8000, 0x000000001f7d0000)

Polling page: 0x00000000011e0000

CodeCache: size=245760Kb used=3693Kb max_used=3693Kb free=242066Kb
 bounds [0x0000000002c60000, 0x0000000003000000, 0x0000000011c60000]
 total_blobs=2085 nmethods=911 adapters=1087
 compilation: enabled

Compilation events (10 events):
Event: 2.215 Thread 0x0000000020db8800  907       1       org.lwjgl.system.MemoryStack::getPointer (5 bytes)
Event: 2.215 Thread 0x0000000020db8800 nmethod 907 0x0000000002ff2690 code [0x0000000002ff27e0, 0x0000000002ff28f0]
Event: 2.219 Thread 0x0000000020db8800  908       3       java.nio.DirectIntBufferU::get (16 bytes)
Event: 2.219 Thread 0x0000000020db8800 nmethod 908 0x0000000002ff2190 code [0x0000000002ff2300, 0x0000000002ff2570]
Event: 2.220 Thread 0x0000000020db8800  909       3       org.lwjgl.system.MemoryUtil::address (11 bytes)
Event: 2.220 Thread 0x0000000020db8800 nmethod 909 0x0000000002ff1e50 code [0x0000000002ff1fa0, 0x0000000002ff20f0]
Event: 2.220 Thread 0x0000000020db8800  910       3       org.lwjgl.system.Checks::checkSafe (13 bytes)
Event: 2.220 Thread 0x0000000020db8800 nmethod 910 0x0000000002ff1890 code [0x0000000002ff1a00, 0x0000000002ff1d28]
Event: 2.220 Thread 0x0000000020db8800  911       3       org.lwjgl.system.MemoryUtil::memAddressSafe (21 bytes)
Event: 2.220 Thread 0x0000000020db8800 nmethod 911 0x0000000002ff8090 code [0x0000000002ff8200, 0x0000000002ff8510]

GC Heap History (0 events):
No events

Deoptimization events (5 events):
Event: 1.691 Thread 0x0000000022964800 Uncommon trap: reason=unstable_if action=reinterpret pc=0x0000000002fa578c method=de.mdb.engine.core.gui.GUIRenderer.setupDefaultFont()V @ 190
Event: 2.117 Thread 0x0000000022964800 Uncommon trap: reason=class_check action=maybe_recompile pc=0x0000000002feb2b8 method=org.lwjgl.system.StructBuffer.get()Lorg/lwjgl/system/Struct; @ 1
Event: 2.117 Thread 0x0000000022964800 Uncommon trap: reason=class_check action=maybe_recompile pc=0x0000000002feb2b8 method=org.lwjgl.system.StructBuffer.get()Lorg/lwjgl/system/Struct; @ 1
Event: 2.118 Thread 0x0000000022964800 Uncommon trap: reason=class_check action=maybe_recompile pc=0x0000000002feb2b8 method=org.lwjgl.system.StructBuffer.get()Lorg/lwjgl/system/Struct; @ 1
Event: 2.118 Thread 0x0000000022964800 Uncommon trap: reason=class_check action=maybe_recompile pc=0x0000000002feb2b8 method=org.lwjgl.system.StructBuffer.get()Lorg/lwjgl/system/Struct; @ 1

Classes redefined (0 events):
No events

Internal exceptions (10 events):
Event: 1.152 Thread 0x0000000022964800 Exception <a 'sun/nio/fs/WindowsException'> (0x0000000740f621e0) thrown at [C:\re\workspace\8-2-build-windows-amd64-cygwin\jdk8u221\13320\hotspot\src\share\vm\prims\jni.cpp, line 710]
Event: 1.153 Thread 0x0000000022964800 Exception <a 'sun/nio/fs/WindowsException'> (0x0000000740f62938) thrown at [C:\re\workspace\8-2-build-windows-amd64-cygwin\jdk8u221\13320\hotspot\src\share\vm\prims\jni.cpp, line 710]
Event: 1.157 Thread 0x0000000022964800 Exception <a 'sun/nio/fs/WindowsException'> (0x0000000740f6ba78) thrown at [C:\re\workspace\8-2-build-windows-amd64-cygwin\jdk8u221\13320\hotspot\src\share\vm\prims\jni.cpp, line 710]
Event: 1.157 Thread 0x0000000022964800 Exception <a 'sun/nio/fs/WindowsException'> (0x0000000740f6c080) thrown at [C:\re\workspace\8-2-build-windows-amd64-cygwin\jdk8u221\13320\hotspot\src\share\vm\prims\jni.cpp, line 710]
Event: 1.655 Thread 0x0000000022964800 Exception <a 'sun/nio/fs/WindowsException'> (0x0000000741d43578) thrown at [C:\re\workspace\8-2-build-windows-amd64-cygwin\jdk8u221\13320\hotspot\src\share\vm\prims\jni.cpp, line 710]
Event: 1.655 Thread 0x0000000022964800 Exception <a 'sun/nio/fs/WindowsException'> (0x0000000741d43ce0) thrown at [C:\re\workspace\8-2-build-windows-amd64-cygwin\jdk8u221\13320\hotspot\src\share\vm\prims\jni.cpp, line 710]
Event: 1.665 Thread 0x0000000022964800 Exception <a 'sun/nio/fs/WindowsException'> (0x0000000741d61c00) thrown at [C:\re\workspace\8-2-build-windows-amd64-cygwin\jdk8u221\13320\hotspot\src\share\vm\prims\jni.cpp, line 710]
Event: 1.665 Thread 0x0000000022964800 Exception <a 'sun/nio/fs/WindowsException'> (0x0000000741d62318) thrown at [C:\re\workspace\8-2-build-windows-amd64-cygwin\jdk8u221\13320\hotspot\src\share\vm\prims\jni.cpp, line 710]
Event: 1.829 Thread 0x0000000022964800 Exception <a 'sun/nio/fs/WindowsException'> (0x0000000741f15570) thrown at [C:\re\workspace\8-2-build-windows-amd64-cygwin\jdk8u221\13320\hotspot\src\share\vm\prims\jni.cpp, line 710]
Event: 1.830 Thread 0x0000000022964800 Exception <a 'sun/nio/fs/WindowsException'> (0x0000000741f15c88) thrown at [C:\re\workspace\8-2-build-windows-amd64-cygwin\jdk8u221\13320\hotspot\src\share\vm\prims\jni.cpp, line 710]

Events (10 events):
Event: 2.118 Thread 0x0000000022964800 DEOPT UNPACKING pc=0x0000000002ca583b sp=0x0000000022dcf1a8 mode 2
Event: 2.118 Thread 0x0000000022964800 Uncommon trap: trap_request=0xffffffde fr.pc=0x0000000002feb2b8
Event: 2.118 Thread 0x0000000022964800 DEOPT PACKING pc=0x0000000002feb2b8 sp=0x0000000022dcf1f0
Event: 2.118 Thread 0x0000000022964800 DEOPT UNPACKING pc=0x0000000002ca583b sp=0x0000000022dcf1a8 mode 2
Event: 2.174 loading class de/mdb/engine/core/model/Model
Event: 2.174 loading class de/mdb/engine/core/model/Model done
Event: 2.205 loading class de/mdb/engine/core/util/Clock
Event: 2.205 loading class de/mdb/engine/core/util/Clock done
Event: 2.206 loading class org/lwjgl/glfw/EventLoop$OnScreen
Event: 2.206 loading class org/lwjgl/glfw/EventLoop$OnScreen done


Dynamic libraries:
0x00007ff694d50000 - 0x00007ff694d87000 	C:\Program Files\Java\jre1.8.0_221\bin\javaw.exe
0x00007ffb74080000 - 0x00007ffb74270000 	C:\WINDOWS\SYSTEM32\ntdll.dll
0x00007ffb5aa80000 - 0x00007ffb5aa94000 	D:\Program Files\AVAST Software\Avast\aswhook.dll
0x00007ffb72150000 - 0x00007ffb72202000 	C:\WINDOWS\System32\KERNEL32.DLL
0x00007ffb71e60000 - 0x00007ffb72103000 	C:\WINDOWS\System32\KERNELBASE.dll
0x00007ffb72d70000 - 0x00007ffb72e13000 	C:\WINDOWS\System32\ADVAPI32.dll
0x00007ffb738b0000 - 0x00007ffb7394e000 	C:\WINDOWS\System32\msvcrt.dll
0x00007ffb72c00000 - 0x00007ffb72c97000 	C:\WINDOWS\System32\sechost.dll
0x00007ffb72210000 - 0x00007ffb72330000 	C:\WINDOWS\System32\RPCRT4.dll
0x00007ffb72920000 - 0x00007ffb72ab4000 	C:\WINDOWS\System32\USER32.dll
0x00007ffb71e30000 - 0x00007ffb71e51000 	C:\WINDOWS\System32\win32u.dll
0x00007ffb724a0000 - 0x00007ffb724c6000 	C:\WINDOWS\System32\GDI32.dll
0x00007ffb71ae0000 - 0x00007ffb71c74000 	C:\WINDOWS\System32\gdi32full.dll
0x00007ffb71d90000 - 0x00007ffb71e2e000 	C:\WINDOWS\System32\msvcp_win.dll
0x00007ffb710c0000 - 0x00007ffb711ba000 	C:\WINDOWS\System32\ucrtbase.dll
0x00007ffb64e70000 - 0x00007ffb650f5000 	C:\WINDOWS\WinSxS\amd64_microsoft.windows.common-controls_6595b64144ccf1df_6.0.18362.418_none_e6c6b287130d565d\COMCTL32.dll
0x00007ffb72e20000 - 0x00007ffb73156000 	C:\WINDOWS\System32\combase.dll
0x00007ffb71010000 - 0x00007ffb71090000 	C:\WINDOWS\System32\bcryptPrimitives.dll
0x00007ffb724d0000 - 0x00007ffb724fe000 	C:\WINDOWS\System32\IMM32.DLL
0x0000000051400000 - 0x00000000514d2000 	C:\Program Files\Java\jre1.8.0_221\bin\msvcr100.dll
0x0000000051600000 - 0x0000000051ea5000 	C:\Program Files\Java\jre1.8.0_221\bin\server\jvm.dll
0x00007ffb728b0000 - 0x00007ffb728b8000 	C:\WINDOWS\System32\PSAPI.DLL
0x00007ffb65c40000 - 0x00007ffb65c49000 	C:\WINDOWS\SYSTEM32\WSOCK32.dll
0x00007ffb72ac0000 - 0x00007ffb72b2f000 	C:\WINDOWS\System32\WS2_32.dll
0x00007ffb6ef80000 - 0x00007ffb6efa4000 	C:\WINDOWS\SYSTEM32\WINMM.dll
0x00007ffb6b240000 - 0x00007ffb6b24a000 	C:\WINDOWS\SYSTEM32\VERSION.dll
0x00007ffb6ef50000 - 0x00007ffb6ef7d000 	C:\WINDOWS\SYSTEM32\WINMMBASE.dll
0x00007ffb711c0000 - 0x00007ffb7120a000 	C:\WINDOWS\System32\cfgmgr32.dll
0x00007ffb6f100000 - 0x00007ffb6f10f000 	C:\Program Files\Java\jre1.8.0_221\bin\verify.dll
0x00007ffb5fc30000 - 0x00007ffb5fc59000 	C:\Program Files\Java\jre1.8.0_221\bin\java.dll
0x00007ffb66a60000 - 0x00007ffb66a76000 	C:\Program Files\Java\jre1.8.0_221\bin\zip.dll
0x00007ffb73950000 - 0x00007ffb74035000 	C:\WINDOWS\System32\SHELL32.dll
0x00007ffb723f0000 - 0x00007ffb72499000 	C:\WINDOWS\System32\shcore.dll
0x00007ffb71210000 - 0x00007ffb7198f000 	C:\WINDOWS\System32\windows.storage.dll
0x00007ffb70fb0000 - 0x00007ffb70fcf000 	C:\WINDOWS\System32\profapi.dll
0x00007ffb70f60000 - 0x00007ffb70faa000 	C:\WINDOWS\System32\powrprof.dll
0x00007ffb70f50000 - 0x00007ffb70f60000 	C:\WINDOWS\System32\UMPDC.dll
0x00007ffb72330000 - 0x00007ffb72382000 	C:\WINDOWS\System32\shlwapi.dll
0x00007ffb70ff0000 - 0x00007ffb71001000 	C:\WINDOWS\System32\kernel.appcore.dll
0x00007ffb72110000 - 0x00007ffb72127000 	C:\WINDOWS\System32\cryptsp.dll
0x00007ffb62540000 - 0x00007ffb6255a000 	C:\Program Files\Java\jre1.8.0_221\bin\net.dll
0x00007ffb69fb0000 - 0x00007ffb6a186000 	C:\WINDOWS\SYSTEM32\urlmon.dll
0x00007ffb69ba0000 - 0x00007ffb69e46000 	C:\WINDOWS\SYSTEM32\iertutil.dll
0x00007ffb70990000 - 0x00007ffb7099c000 	C:\WINDOWS\SYSTEM32\CRYPTBASE.DLL
0x00007ffb707c0000 - 0x00007ffb70827000 	C:\WINDOWS\system32\mswsock.dll
0x00007ffb5fbb0000 - 0x00007ffb5fbc2000 	C:\Program Files\Java\jre1.8.0_221\bin\nio.dll
0x00007ffb45120000 - 0x00007ffb45184000 	C:\Users\Mantis\AppData\Local\Temp\lwjglMantis\3.2.3-build-13\lwjgl.dll
0x00007ffb42dd0000 - 0x00007ffb42e32000 	C:\Users\Mantis\AppData\Local\Temp\lwjglMantis\3.2.3-build-13\glfw.dll
0x00007ffb6f2d0000 - 0x00007ffb6f369000 	C:\WINDOWS\system32\uxtheme.dll
0x00007ffb50be0000 - 0x00007ffb50c23000 	C:\WINDOWS\SYSTEM32\dinput8.dll
0x00007ffb56df0000 - 0x00007ffb56e01000 	C:\WINDOWS\SYSTEM32\xinput1_4.dll
0x00007ffb70d50000 - 0x00007ffb70d7a000 	C:\WINDOWS\SYSTEM32\DEVOBJ.dll
0x00007ffb6f8c0000 - 0x00007ffb6f8ed000 	C:\WINDOWS\SYSTEM32\dwmapi.dll
0x00007ffb618c0000 - 0x00007ffb619da000 	C:\WINDOWS\SYSTEM32\inputhost.dll
0x00007ffb6eab0000 - 0x00007ffb6eb84000 	C:\WINDOWS\SYSTEM32\CoreMessaging.dll
0x00007ffb6cec0000 - 0x00007ffb6d1ea000 	C:\WINDOWS\SYSTEM32\CoreUIComponents.dll
0x00007ffb6d900000 - 0x00007ffb6d9ef000 	C:\WINDOWS\SYSTEM32\PROPSYS.dll
0x00007ffb72b30000 - 0x00007ffb72bf4000 	C:\WINDOWS\System32\OLEAUT32.dll
0x00007ffb6ccd0000 - 0x00007ffb6ce23000 	C:\WINDOWS\SYSTEM32\wintypes.dll
0x00007ffb6ffb0000 - 0x00007ffb6ffe1000 	C:\WINDOWS\SYSTEM32\ntmarta.dll
0x00007ffb72510000 - 0x00007ffb72646000 	C:\WINDOWS\System32\MSCTF.dll
0x00007ffb6fb60000 - 0x00007ffb6fb6e000 	C:\WINDOWS\SYSTEM32\HID.DLL
0x00007ffb73440000 - 0x00007ffb738b0000 	C:\WINDOWS\System32\SETUPAPI.DLL
0x00007ffb71090000 - 0x00007ffb710b6000 	C:\WINDOWS\System32\bcrypt.dll
0x00007ffb71d30000 - 0x00007ffb71d8c000 	C:\WINDOWS\System32\WINTRUST.dll
0x00007ffb70fd0000 - 0x00007ffb70fe2000 	C:\WINDOWS\System32\MSASN1.dll
0x00007ffb71990000 - 0x00007ffb71ad9000 	C:\WINDOWS\System32\CRYPT32.dll
0x00007ffb454c0000 - 0x00007ffb45616000 	C:\WINDOWS\SYSTEM32\opengl32.dll
0x00007ffb50f60000 - 0x00007ffb50f8c000 	C:\WINDOWS\SYSTEM32\GLU32.dll
0x00007ffb6fbc0000 - 0x00007ffb6fbe0000 	C:\WINDOWS\SYSTEM32\dxcore.dll
0x00007ffaf7550000 - 0x00007ffaf9c19000 	C:\WINDOWS\System32\DriverStore\FileRepository\nv_dispi.inf_amd64_67c16e22f0dab361\nvoglv64.dll
0x00007ffb72650000 - 0x00007ffb727a6000 	C:\WINDOWS\System32\ole32.dll
0x00007ffb6da50000 - 0x00007ffb6da63000 	C:\WINDOWS\SYSTEM32\WTSAPI32.dll
0x00007ffb41df0000 - 0x00007ffb420b1000 	C:\WINDOWS\system32\nvspcap64.dll
0x00007ffb70100000 - 0x00007ffb7015c000 	C:\WINDOWS\SYSTEM32\WINSTA.dll
0x00007ffb635b0000 - 0x00007ffb6364e000 	C:\WINDOWS\System32\TextInputFramework.dll
0x00007ffb42d70000 - 0x00007ffb42dc9000 	C:\Users\Mantis\AppData\Local\Temp\lwjglMantis\3.2.3-build-13\lwjgl_opengl.dll
0x00007ffb42c80000 - 0x00007ffb42cd6000 	C:\Users\Mantis\AppData\Local\Temp\lwjglMantis\3.2.3-build-13\lwjgl_nuklear.dll
0x00007ffb419f0000 - 0x00007ffb41a67000 	C:\Users\Mantis\AppData\Local\Temp\lwjglMantis\3.2.3-build-13\lwjgl_stb.dll
0x00007ffb1f360000 - 0x00007ffb1fa1f000 	C:\Users\Mantis\AppData\Local\Temp\lwjglMantis\3.2.3-build-13\assimp.dll
0x00007ffb61340000 - 0x00007ffb61534000 	C:\WINDOWS\SYSTEM32\dbghelp.dll

VM Arguments:
jvm_args: -Dfile.encoding=UTF-8 
java_command: examples.DummyGame
java_class_path (initial): D:\DIary\engine_core\target\classes;C:\Users\Mantis\.m2\repository\org\lwjgl\lwjgl\3.2.3\lwjgl-3.2.3.jar;C:\Users\Mantis\.m2\repository\org\lwjgl\lwjgl-assimp\3.2.3\lwjgl-assimp-3.2.3.jar;C:\Users\Mantis\.m2\repository\org\lwjgl\lwjgl-bgfx\3.2.3\lwjgl-bgfx-3.2.3.jar;C:\Users\Mantis\.m2\repository\org\lwjgl\lwjgl-glfw\3.2.3\lwjgl-glfw-3.2.3.jar;C:\Users\Mantis\.m2\repository\org\lwjgl\lwjgl-nanovg\3.2.3\lwjgl-nanovg-3.2.3.jar;C:\Users\Mantis\.m2\repository\org\lwjgl\lwjgl-nuklear\3.2.3\lwjgl-nuklear-3.2.3.jar;C:\Users\Mantis\.m2\repository\org\lwjgl\lwjgl-openal\3.2.3\lwjgl-openal-3.2.3.jar;C:\Users\Mantis\.m2\repository\org\lwjgl\lwjgl-opencl\3.2.3\lwjgl-opencl-3.2.3.jar;C:\Users\Mantis\.m2\repository\org\lwjgl\lwjgl-opengl\3.2.3\lwjgl-opengl-3.2.3.jar;C:\Users\Mantis\.m2\repository\org\lwjgl\lwjgl-par\3.2.3\lwjgl-par-3.2.3.jar;C:\Users\Mantis\.m2\repository\org\lwjgl\lwjgl-stb\3.2.3\lwjgl-stb-3.2.3.jar;C:\Users\Mantis\.m2\repository\org\lwjgl\lwjgl-vulkan\3.2.3\lwjgl-vulkan-3.2.3.jar;C:\Users\Mantis\.m2\repository\org\lwjgl\lwjgl\3.2.3\lwjgl-3.2.3-natives-windows.jar;C:\Users\Mantis\.m2\repository\org\lwjgl\lwjgl-assimp\3.2.3\lwjgl-assimp-3.2.3-natives-windows.jar;C:\Users\Mantis\.m2\repository\org\lwjgl\lwjgl-bgfx\3.2.3\lwjgl-bgfx-3.2.3-natives-windows.jar;C:\Users\Mantis\.m2\repository\org\lwjgl\lwjgl-glfw\3.2.3\lwjgl-glfw-3.2.3-natives-windows.jar;C:\Users\Mantis\.m2\repository\org\lwjgl\lwjgl-nanovg\3.2.3\lwjgl-nanovg-3.2.3-natives-windows.jar;C:\Users\Mantis\.m2\repository\org\lwjgl\lwjgl-nuklear\3.2.3\lwjgl-nuklear-3.2.3-natives-windows.jar;C:\Users\Mantis\.m2\repository\org\lwjgl\lwjgl-openal\3.2.3\lwjgl-openal-3.2.3-natives-windows.jar;C:\Users\Mantis\.m2\repository\org\lwjgl\lwjgl-opengl\3.2.3\lwjgl-opengl-3.2.3-natives-windows.jar;C:\Users\Mantis\.m2\repository\org\lwjgl\lwjgl-par\3.2.3\lwjgl-par-3.2.3-natives-windows.jar;C:\Users\Mantis\.m2\repository\org\lwjgl\lwjgl-stb\3.2.3\lwjgl-stb-3.2.3-natives-windows.jar;C:\Users\Mant
Launcher Type: SUN_STANDARD

Environment Variables:
PATH=C:/Program Files/Java/jre1.8.0_221/bin/server;C:/Program Files/Java/jre1.8.0_221/bin;C:/Program Files/Java/jre1.8.0_221/lib/amd64;C:\Program Files (x86)\Common Files\Oracle\Java\javapath;C:\Windows\system32;C:\Windows;C:\Windows\System32\Wbem;C:\Windows\System32\WindowsPowerShell\v1.0\;C:\Windows\System32\OpenSSH\;C:\Program Files\NVIDIA Corporation\NVIDIA NvDLISR;C:\Program Files (x86)\NVIDIA Corporation\PhysX\Common;%SystemRoot%\system32;%SystemRoot%;%SystemRoot%\System32\Wbem;%SYSTEMROOT%\System32\WindowsPowerShell\v1.0\;%SYSTEMROOT%\System32\OpenSSH\;C:\Users\Mantis\AppData\Local\Microsoft\WindowsApps;;C:\Users\Mantis\AppData\Local\Programs\Microsoft VS Code\bin;C:\Users\Mantis\Desktop;
USERNAME=Mantis
OS=Windows_NT
PROCESSOR_IDENTIFIER=Intel64 Family 6 Model 58 Stepping 9, GenuineIntel



---------------  S Y S T E M  ---------------

OS: Windows 10.0 , 64 bit Build 18362 (10.0.18362.329)

CPU:total 4 (initial active 4) (4 cores per cpu, 1 threads per core) family 6 model 58 stepping 9, cmov, cx8, fxsr, mmx, sse, sse2, sse3, ssse3, sse4.1, sse4.2, popcnt, avx, aes, clmul, erms, tsc, tscinvbit, tscinv

Memory: 4k page, physical 25123776k(17275468k free), swap 28793792k(18074204k free)

vm_info: Java HotSpot(TM) 64-Bit Server VM (25.221-b11) for windows-amd64 JRE (1.8.0_221-b11), built on Jul  4 2019 04:39:29 by "java_re" with MS VC++ 10.0 (VS2010)

time: Sun Oct 27 14:41:58 2019
timezone: W. Europe Standard Time
elapsed time: 2 seconds (0d 0h 0m 2s)

